<?xml version="1.0" encoding="UTF-8"?>
<!-- Generated by org.testng.reporters.JUnitReportReporter -->
<testsuite skipped="0" hostname="DESKTOP-II7MV8F" name="MagentoTest" tests="1" failures="0" timestamp="01 Jul 2018 05:11:00 GMT" time="25.848" errors="0">
  <testcase name="testrun" time="25.848" classname="MagentoTest"/>
</testsuite> <!-- MagentoTest -->
